<?xml version="1.0" encoding="UTF-8"?>
<!-- Generated by org.testng.reporters.JUnitReportReporter -->
<testsuite hostname="ADMINIB-C349HKV" name="com.ibm.test.Demo" tests="2" failures="0" timestamp="19 May 2016 05:48:05 GMT" time="194.560" errors="1">
  <testcase name="loginTest" time="114.803" classname="com.ibm.test.Demo"/>
  <testcase name="selectSeats" time="79.757" classname="com.ibm.test.Demo">
    <error type="java.lang.AssertionError" message="Get Text from WebElement By.xpath: .//*[@id=&#039;accountdetails&#039;]/p[1], Failed">
      <![CDATA[java.lang.AssertionError: Get Text from WebElement By.xpath: .//*[@id='accountdetails']/p[1], Failed
	at org.testng.Assert.fail(Assert.java:94)
	at org.testng.asserts.Assertion$6.doAssert(Assertion.java:185)
	at org.testng.asserts.Assertion.executeAssert(Assertion.java:30)
	at org.testng.asserts.Assertion.doAssert(Assertion.java:15)
	at org.testng.asserts.Assertion.fail(Assertion.java:182)
	at com.bailian.ta.action.FrameAssertion.fail(FrameAssertion.java:13)
	at com.bailian.ta.action.FrameAction.getText(FrameAction.java:110)
	at com.ibm.test.Demo.selectSeats(Demo.java:46)
	at sun.reflect.NativeMethodAccessorImpl.invoke0(Native Method)
	at sun.reflect.NativeMethodAccessorImpl.invoke(Unknown Source)
	at sun.reflect.DelegatingMethodAccessorImpl.invoke(Unknown Source)
	at java.lang.reflect.Method.invoke(Unknown Source)
	at org.testng.internal.MethodInvocationHelper.invokeMethod(MethodInvocationHelper.java:84)
	at org.testng.internal.Invoker.invokeMethod(Invoker.java:714)
	at org.testng.internal.Invoker.invokeTestMethod(Invoker.java:901)
	at org.testng.internal.Invoker.invokeTestMethods(Invoker.java:1231)
	at org.testng.internal.TestMethodWorker.invokeTestMethods(TestMethodWorker.java:127)
	at org.testng.internal.TestMethodWorker.run(TestMethodWorker.java:111)
	at org.testng.TestRunner.privateRun(TestRunner.java:767)
	at org.testng.TestRunner.run(TestRunner.java:617)
	at org.testng.SuiteRunner.runTest(SuiteRunner.java:334)
	at org.testng.SuiteRunner.runSequentially(SuiteRunner.java:329)
	at org.testng.SuiteRunner.privateRun(SuiteRunner.java:291)
	at org.testng.SuiteRunner.run(SuiteRunner.java:240)
	at org.testng.SuiteRunnerWorker.runSuite(SuiteRunnerWorker.java:52)
	at org.testng.SuiteRunnerWorker.run(SuiteRunnerWorker.java:86)
	at org.testng.TestNG.runSuitesSequentially(TestNG.java:1224)
	at org.testng.TestNG.runSuitesLocally(TestNG.java:1149)
	at org.testng.TestNG.run(TestNG.java:1057)
	at org.testng.remote.RemoteTestNG.run(RemoteTestNG.java:111)
	at org.testng.remote.RemoteTestNG.initAndRun(RemoteTestNG.java:204)
	at org.testng.remote.RemoteTestNG.main(RemoteTestNG.java:175)
]]>
    </error>
  </testcase> <!-- selectSeats -->
</testsuite> <!-- com.ibm.test.Demo -->
